2023-05-22 13:05:82 INFO  HomePage :41 - Click on bank manager login button [[ChromeDriver: chrome on WINDOWS (9fe8880c0cfde5ccd757ecee54f45cf0)] -> xpath: //button[text()='Bank Manager Login']]
2023-05-22 13:05:939 INFO  AddCustomerPage :40 - Click on addCustomer button : [[ChromeDriver: chrome on WINDOWS (9fe8880c0cfde5ccd757ecee54f45cf0)] -> xpath: //body/div[3]/div[1]/div[2]/div[1]/div[1]/button[1]]
2023-05-22 13:05:238 INFO  AddCustomerPage :44 - Enter first name : [[ChromeDriver: chrome on WINDOWS (9fe8880c0cfde5ccd757ecee54f45cf0)] -> xpath: /html[1]/body[1]/div[3]/div[1]/div[2]/div[1]/div[2]/div[1]/div[1]/form[1]/div[1]/input[1]]
2023-05-22 13:05:594 INFO  AddCustomerPage :49 - Enter last name : [[ChromeDriver: chrome on WINDOWS (9fe8880c0cfde5ccd757ecee54f45cf0)] -> xpath: //input[@placeholder='Last Name']]
2023-05-22 13:05:833 INFO  AddCustomerPage :54 - Enter postcode : [[ChromeDriver: chrome on WINDOWS (9fe8880c0cfde5ccd757ecee54f45cf0)] -> xpath: //input[@placeholder='Post Code']]
2023-05-22 13:05:39 INFO  AddCustomerPage :59 - Click on add customer button : [[ChromeDriver: chrome on WINDOWS (9fe8880c0cfde5ccd757ecee54f45cf0)] -> xpath: //button[text()='Add Customer']]
2023-05-22 14:05:201 INFO  HomePage :41 - Click on bank manager login button [[ChromeDriver: chrome on WINDOWS (aa7deb458e3f912b0539a900014e830d)] -> xpath: //button[text()='Bank Manager Login']]
2023-05-22 14:05:866 INFO  AddCustomerPage :41 - Click on addCustomer button : [[ChromeDriver: chrome on WINDOWS (aa7deb458e3f912b0539a900014e830d)] -> xpath: //body/div[3]/div[1]/div[2]/div[1]/div[1]/button[1]]
2023-05-22 14:05:144 INFO  AddCustomerPage :45 - Enter first name : [[ChromeDriver: chrome on WINDOWS (aa7deb458e3f912b0539a900014e830d)] -> xpath: /html[1]/body[1]/div[3]/div[1]/div[2]/div[1]/div[2]/div[1]/div[1]/form[1]/div[1]/input[1]]
2023-05-22 14:05:299 INFO  AddCustomerPage :50 - Enter last name : [[ChromeDriver: chrome on WINDOWS (aa7deb458e3f912b0539a900014e830d)] -> xpath: //input[@placeholder='Last Name']]
2023-05-22 14:05:425 INFO  AddCustomerPage :55 - Enter postcode : [[ChromeDriver: chrome on WINDOWS (aa7deb458e3f912b0539a900014e830d)] -> xpath: //input[@placeholder='Post Code']]
2023-05-22 14:05:614 INFO  AddCustomerPage :60 - Click on add customer button : [[ChromeDriver: chrome on WINDOWS (aa7deb458e3f912b0539a900014e830d)] -> xpath: //button[text()='Add Customer']]
2023-05-22 14:05:291 INFO  HomePage :41 - Click on bank manager login button [[ChromeDriver: chrome on WINDOWS (d614f41b69c9994956228fb5baf65ff0)] -> xpath: //button[text()='Bank Manager Login']]
2023-05-22 14:05:602 INFO  OpenAccountPage :34 - Click on open account [[ChromeDriver: chrome on WINDOWS (d614f41b69c9994956228fb5baf65ff0)] -> xpath: //button[@ng-click='openAccount()']]
2023-05-22 14:05:863 INFO  OpenAccountPage :43 - Select customer name from dropdown [[ChromeDriver: chrome on WINDOWS (d614f41b69c9994956228fb5baf65ff0)] -> id: userSelect]
2023-05-22 15:05:369 INFO  HomePage :41 - Click on bank manager login button [[ChromeDriver: chrome on WINDOWS (a1349c6f8da8ae0125a0b059c1f42b9c)] -> xpath: //button[text()='Bank Manager Login']]
2023-05-22 15:05:138 INFO  AddCustomerPage :41 - Click on addCustomer button : [[ChromeDriver: chrome on WINDOWS (a1349c6f8da8ae0125a0b059c1f42b9c)] -> xpath: //body/div[3]/div[1]/div[2]/div[1]/div[1]/button[1]]
2023-05-22 15:05:484 INFO  AddCustomerPage :45 - Enter first name : [[ChromeDriver: chrome on WINDOWS (a1349c6f8da8ae0125a0b059c1f42b9c)] -> xpath: /html[1]/body[1]/div[3]/div[1]/div[2]/div[1]/div[2]/div[1]/div[1]/form[1]/div[1]/input[1]]
2023-05-22 15:05:889 INFO  AddCustomerPage :50 - Enter last name : [[ChromeDriver: chrome on WINDOWS (a1349c6f8da8ae0125a0b059c1f42b9c)] -> xpath: //input[@placeholder='Last Name']]
2023-05-22 15:05:104 INFO  AddCustomerPage :55 - Enter postcode : [[ChromeDriver: chrome on WINDOWS (a1349c6f8da8ae0125a0b059c1f42b9c)] -> xpath: //input[@placeholder='Post Code']]
2023-05-22 15:05:390 INFO  AddCustomerPage :60 - Click on add customer button : [[ChromeDriver: chrome on WINDOWS (a1349c6f8da8ae0125a0b059c1f42b9c)] -> xpath: //button[text()='Add Customer']]
2023-05-22 15:05:805 INFO  HomePage :41 - Click on bank manager login button [[ChromeDriver: chrome on WINDOWS (6b057e7343fcaf0ee195dcaf12fbb095)] -> xpath: //button[text()='Bank Manager Login']]
2023-05-22 15:05:430 INFO  OpenAccountPage :34 - Click on open account [[ChromeDriver: chrome on WINDOWS (6b057e7343fcaf0ee195dcaf12fbb095)] -> xpath: //button[@ng-click='openAccount()']]
2023-05-22 15:05:573 INFO  OpenAccountPage :44 - Select customer name from dropdown [[ChromeDriver: chrome on WINDOWS (6b057e7343fcaf0ee195dcaf12fbb095)] -> id: userSelect]
2023-05-22 15:05:500 INFO  HomePage :41 - Click on bank manager login button [[ChromeDriver: chrome on WINDOWS (f6ef1e1f1e47e7454dba71f5e3b8e997)] -> xpath: //button[text()='Bank Manager Login']]
2023-05-22 15:05:118 INFO  AddCustomerPage :41 - Click on addCustomer button : [[ChromeDriver: chrome on WINDOWS (f6ef1e1f1e47e7454dba71f5e3b8e997)] -> xpath: //body/div[3]/div[1]/div[2]/div[1]/div[1]/button[1]]
2023-05-22 15:05:440 INFO  AddCustomerPage :45 - Enter first name : [[ChromeDriver: chrome on WINDOWS (f6ef1e1f1e47e7454dba71f5e3b8e997)] -> xpath: /html[1]/body[1]/div[3]/div[1]/div[2]/div[1]/div[2]/div[1]/div[1]/form[1]/div[1]/input[1]]
2023-05-22 15:05:723 INFO  AddCustomerPage :50 - Enter last name : [[ChromeDriver: chrome on WINDOWS (f6ef1e1f1e47e7454dba71f5e3b8e997)] -> xpath: //input[@placeholder='Last Name']]
2023-05-22 15:05:925 INFO  AddCustomerPage :55 - Enter postcode : [[ChromeDriver: chrome on WINDOWS (f6ef1e1f1e47e7454dba71f5e3b8e997)] -> xpath: //input[@placeholder='Post Code']]
2023-05-22 15:05:198 INFO  AddCustomerPage :60 - Click on add customer button : [[ChromeDriver: chrome on WINDOWS (f6ef1e1f1e47e7454dba71f5e3b8e997)] -> xpath: //button[text()='Add Customer']]
2023-05-22 15:05:70 INFO  HomePage :41 - Click on bank manager login button [[ChromeDriver: chrome on WINDOWS (8c0e569563cd3171832ad4643f26931f)] -> xpath: //button[text()='Bank Manager Login']]
2023-05-22 15:05:391 INFO  OpenAccountPage :35 - Click on open account [[ChromeDriver: chrome on WINDOWS (8c0e569563cd3171832ad4643f26931f)] -> xpath: //button[@ng-click='openAccount()']]
2023-05-22 15:05:274 INFO  OpenAccountPage :53 - Select currency from dropdown [[ChromeDriver: chrome on WINDOWS (8c0e569563cd3171832ad4643f26931f)] -> id: currency]
2023-05-22 15:05:481 INFO  OpenAccountPage :58 - Click on process button [[ChromeDriver: chrome on WINDOWS (8c0e569563cd3171832ad4643f26931f)] -> xpath: //button[@type='submit']]
2023-05-22 15:05:608 INFO  OpenAccountPage :62 - Get text from alert
2023-05-22 15:05:640 INFO  OpenAccountPage :62 - Get text from alert
2023-05-22 16:05:553 INFO  HomePage :41 - Click on bank manager login button [[ChromeDriver: chrome on WINDOWS (2cc3de5aa941fab5cd1b072bf173aec0)] -> xpath: //button[text()='Bank Manager Login']]
2023-05-22 16:05:188 INFO  AddCustomerPage :41 - Click on addCustomer button : [[ChromeDriver: chrome on WINDOWS (2cc3de5aa941fab5cd1b072bf173aec0)] -> xpath: //body/div[3]/div[1]/div[2]/div[1]/div[1]/button[1]]
2023-05-22 16:05:476 INFO  AddCustomerPage :45 - Enter first name : [[ChromeDriver: chrome on WINDOWS (2cc3de5aa941fab5cd1b072bf173aec0)] -> xpath: /html[1]/body[1]/div[3]/div[1]/div[2]/div[1]/div[2]/div[1]/div[1]/form[1]/div[1]/input[1]]
2023-05-22 16:05:661 INFO  AddCustomerPage :50 - Enter last name : [[ChromeDriver: chrome on WINDOWS (2cc3de5aa941fab5cd1b072bf173aec0)] -> xpath: //input[@placeholder='Last Name']]
2023-05-22 16:05:798 INFO  AddCustomerPage :55 - Enter postcode : [[ChromeDriver: chrome on WINDOWS (2cc3de5aa941fab5cd1b072bf173aec0)] -> xpath: //input[@placeholder='Post Code']]
2023-05-22 16:05:970 INFO  AddCustomerPage :60 - Click on add customer button : [[ChromeDriver: chrome on WINDOWS (2cc3de5aa941fab5cd1b072bf173aec0)] -> xpath: //button[text()='Add Customer']]
2023-05-22 16:05:452 INFO  HomePage :41 - Click on bank manager login button [[ChromeDriver: chrome on WINDOWS (ce7bed6f9f904e3480de5d0b020e59f4)] -> xpath: //button[text()='Bank Manager Login']]
2023-05-22 16:05:717 INFO  OpenAccountPage :35 - Click on open account [[ChromeDriver: chrome on WINDOWS (ce7bed6f9f904e3480de5d0b020e59f4)] -> xpath: //button[@ng-click='openAccount()']]
2023-05-22 16:05:368 INFO  OpenAccountPage :53 - Select currency from dropdown [[ChromeDriver: chrome on WINDOWS (ce7bed6f9f904e3480de5d0b020e59f4)] -> id: currency]
2023-05-22 16:05:545 INFO  OpenAccountPage :58 - Click on process button [[ChromeDriver: chrome on WINDOWS (ce7bed6f9f904e3480de5d0b020e59f4)] -> xpath: //button[@type='submit']]
2023-05-22 16:05:645 INFO  OpenAccountPage :62 - Get text from alert
2023-05-22 16:05:656 INFO  OpenAccountPage :62 - Get text from alert
2023-05-22 16:05:52 INFO  HomePage :33 - Click on customer login button [[ChromeDriver: chrome on WINDOWS (7879ee5b1b8caba9f28e1c3ce20b5f98)] -> xpath: //button[contains(text(),'Customer Login')]]
2023-05-22 16:05:470 INFO  CustomerLoginPage :37 - Select option from dropdown[[ChromeDriver: chrome on WINDOWS (7879ee5b1b8caba9f28e1c3ce20b5f98)] -> id: userSelect]
2023-05-22 16:05:463 INFO  HomePage :33 - Click on customer login button [[ChromeDriver: chrome on WINDOWS (ad599494f29292f15b908164930c5122)] -> xpath: //button[contains(text(),'Customer Login')]]
2023-05-22 16:05:760 INFO  CustomerLoginPage :37 - Select option from dropdown[[ChromeDriver: chrome on WINDOWS (ad599494f29292f15b908164930c5122)] -> id: userSelect]
2023-05-22 16:05:553 INFO  HomePage :41 - Click on bank manager login button [[ChromeDriver: chrome on WINDOWS (f8f78316058ff6da63d9ce1aa8e0251c)] -> xpath: //button[text()='Bank Manager Login']]
2023-05-22 16:05:293 INFO  AddCustomerPage :41 - Click on addCustomer button : [[ChromeDriver: chrome on WINDOWS (f8f78316058ff6da63d9ce1aa8e0251c)] -> xpath: //body/div[3]/div[1]/div[2]/div[1]/div[1]/button[1]]
2023-05-22 16:05:667 INFO  AddCustomerPage :45 - Enter first name : [[ChromeDriver: chrome on WINDOWS (f8f78316058ff6da63d9ce1aa8e0251c)] -> xpath: /html[1]/body[1]/div[3]/div[1]/div[2]/div[1]/div[2]/div[1]/div[1]/form[1]/div[1]/input[1]]
2023-05-22 16:05:969 INFO  AddCustomerPage :50 - Enter last name : [[ChromeDriver: chrome on WINDOWS (f8f78316058ff6da63d9ce1aa8e0251c)] -> xpath: //input[@placeholder='Last Name']]
2023-05-22 16:05:229 INFO  AddCustomerPage :55 - Enter postcode : [[ChromeDriver: chrome on WINDOWS (f8f78316058ff6da63d9ce1aa8e0251c)] -> xpath: //input[@placeholder='Post Code']]
2023-05-22 16:05:498 INFO  AddCustomerPage :60 - Click on add customer button : [[ChromeDriver: chrome on WINDOWS (f8f78316058ff6da63d9ce1aa8e0251c)] -> xpath: //button[text()='Add Customer']]
2023-05-22 16:05:754 INFO  HomePage :41 - Click on bank manager login button [[ChromeDriver: chrome on WINDOWS (e52eb357bb1940358e02518369c41db5)] -> xpath: //button[text()='Bank Manager Login']]
2023-05-22 16:05:166 INFO  OpenAccountPage :35 - Click on open account [[ChromeDriver: chrome on WINDOWS (e52eb357bb1940358e02518369c41db5)] -> xpath: //button[@ng-click='openAccount()']]
2023-05-22 16:05:807 INFO  OpenAccountPage :53 - Select currency from dropdown [[ChromeDriver: chrome on WINDOWS (e52eb357bb1940358e02518369c41db5)] -> id: currency]
2023-05-22 16:05:68 INFO  OpenAccountPage :58 - Click on process button [[ChromeDriver: chrome on WINDOWS (e52eb357bb1940358e02518369c41db5)] -> xpath: //button[@type='submit']]
2023-05-22 16:05:165 INFO  OpenAccountPage :62 - Get text from alert
2023-05-22 16:05:178 INFO  OpenAccountPage :62 - Get text from alert
2023-05-22 16:05:224 INFO  HomePage :33 - Click on customer login button [[ChromeDriver: chrome on WINDOWS (788b271fba86f55a6b3f85f8955bcdea)] -> xpath: //button[contains(text(),'Customer Login')]]
2023-05-22 16:05:771 INFO  HomePage :33 - Click on customer login button [[ChromeDriver: chrome on WINDOWS (ca1f037f3262e149c0eab36db4d7354b)] -> xpath: //button[contains(text(),'Customer Login')]]
2023-05-22 16:05:454 INFO  HomePage :33 - Click on customer login button [[ChromeDriver: chrome on WINDOWS (dac7949878b8bee6c4b0b2c9a784b742)] -> xpath: //button[contains(text(),'Customer Login')]]
2023-05-22 16:05:257 INFO  HomePage :41 - Click on bank manager login button [[ChromeDriver: chrome on WINDOWS (c4321d6e634ae3247706423c27651d02)] -> xpath: //button[text()='Bank Manager Login']]
2023-05-22 16:05:788 INFO  AddCustomerPage :41 - Click on addCustomer button : [[ChromeDriver: chrome on WINDOWS (c4321d6e634ae3247706423c27651d02)] -> xpath: //body/div[3]/div[1]/div[2]/div[1]/div[1]/button[1]]
2023-05-22 16:05:156 INFO  AddCustomerPage :45 - Enter first name : [[ChromeDriver: chrome on WINDOWS (c4321d6e634ae3247706423c27651d02)] -> xpath: /html[1]/body[1]/div[3]/div[1]/div[2]/div[1]/div[2]/div[1]/div[1]/form[1]/div[1]/input[1]]
2023-05-22 16:05:400 INFO  AddCustomerPage :50 - Enter last name : [[ChromeDriver: chrome on WINDOWS (c4321d6e634ae3247706423c27651d02)] -> xpath: //input[@placeholder='Last Name']]
2023-05-22 16:05:670 INFO  AddCustomerPage :55 - Enter postcode : [[ChromeDriver: chrome on WINDOWS (c4321d6e634ae3247706423c27651d02)] -> xpath: //input[@placeholder='Post Code']]
2023-05-22 16:05:876 INFO  AddCustomerPage :60 - Click on add customer button : [[ChromeDriver: chrome on WINDOWS (c4321d6e634ae3247706423c27651d02)] -> xpath: //button[text()='Add Customer']]
2023-05-22 16:05:321 INFO  HomePage :41 - Click on bank manager login button [[ChromeDriver: chrome on WINDOWS (b78ceeae348ebb2fe4c60a224e0367a4)] -> xpath: //button[text()='Bank Manager Login']]
2023-05-22 16:05:646 INFO  OpenAccountPage :35 - Click on open account [[ChromeDriver: chrome on WINDOWS (b78ceeae348ebb2fe4c60a224e0367a4)] -> xpath: //button[@ng-click='openAccount()']]
2023-05-22 16:05:548 INFO  OpenAccountPage :53 - Select currency from dropdown [[ChromeDriver: chrome on WINDOWS (b78ceeae348ebb2fe4c60a224e0367a4)] -> id: currency]
2023-05-22 16:05:778 INFO  OpenAccountPage :58 - Click on process button [[ChromeDriver: chrome on WINDOWS (b78ceeae348ebb2fe4c60a224e0367a4)] -> xpath: //button[@type='submit']]
2023-05-22 16:05:924 INFO  OpenAccountPage :62 - Get text from alert
2023-05-22 16:05:949 INFO  OpenAccountPage :62 - Get text from alert
2023-05-22 16:05:961 INFO  HomePage :33 - Click on customer login button [[ChromeDriver: chrome on WINDOWS (e80fca61d984a490619afc5427b3c3ee)] -> xpath: //button[contains(text(),'Customer Login')]]
2023-05-22 16:05:234 INFO  HomePage :33 - Click on customer login button [[ChromeDriver: chrome on WINDOWS (fcdea035ce3f2423d19560ccbd6206a9)] -> xpath: //button[contains(text(),'Customer Login')]]
2023-05-22 16:05:433 INFO  HomePage :41 - Click on bank manager login button [[ChromeDriver: chrome on WINDOWS (3f3705ee15e4f53937656c2cc5647998)] -> xpath: //button[text()='Bank Manager Login']]
2023-05-22 16:05:170 INFO  AddCustomerPage :41 - Click on addCustomer button : [[ChromeDriver: chrome on WINDOWS (3f3705ee15e4f53937656c2cc5647998)] -> xpath: //body/div[3]/div[1]/div[2]/div[1]/div[1]/button[1]]
2023-05-22 16:05:475 INFO  AddCustomerPage :45 - Enter first name : [[ChromeDriver: chrome on WINDOWS (3f3705ee15e4f53937656c2cc5647998)] -> xpath: /html[1]/body[1]/div[3]/div[1]/div[2]/div[1]/div[2]/div[1]/div[1]/form[1]/div[1]/input[1]]
2023-05-22 16:05:631 INFO  AddCustomerPage :50 - Enter last name : [[ChromeDriver: chrome on WINDOWS (3f3705ee15e4f53937656c2cc5647998)] -> xpath: //input[@placeholder='Last Name']]
2023-05-22 16:05:765 INFO  AddCustomerPage :55 - Enter postcode : [[ChromeDriver: chrome on WINDOWS (3f3705ee15e4f53937656c2cc5647998)] -> xpath: //input[@placeholder='Post Code']]
2023-05-22 16:05:932 INFO  AddCustomerPage :60 - Click on add customer button : [[ChromeDriver: chrome on WINDOWS (3f3705ee15e4f53937656c2cc5647998)] -> xpath: //button[text()='Add Customer']]
2023-05-22 16:05:790 INFO  HomePage :41 - Click on bank manager login button [[ChromeDriver: chrome on WINDOWS (dee9122849aa06eda9c4a984d53b1d3f)] -> xpath: //button[text()='Bank Manager Login']]
2023-05-22 16:05:105 INFO  OpenAccountPage :35 - Click on open account [[ChromeDriver: chrome on WINDOWS (dee9122849aa06eda9c4a984d53b1d3f)] -> xpath: //button[@ng-click='openAccount()']]
2023-05-22 16:05:788 INFO  OpenAccountPage :53 - Select currency from dropdown [[ChromeDriver: chrome on WINDOWS (dee9122849aa06eda9c4a984d53b1d3f)] -> id: currency]
2023-05-22 16:05:962 INFO  OpenAccountPage :58 - Click on process button [[ChromeDriver: chrome on WINDOWS (dee9122849aa06eda9c4a984d53b1d3f)] -> xpath: //button[@type='submit']]
2023-05-22 16:05:74 INFO  OpenAccountPage :62 - Get text from alert
2023-05-22 16:05:85 INFO  OpenAccountPage :62 - Get text from alert
2023-05-22 16:05:528 INFO  HomePage :33 - Click on customer login button [[ChromeDriver: chrome on WINDOWS (842a03130eb24a95d0a4ca0605b83c37)] -> xpath: //button[contains(text(),'Customer Login')]]
2023-05-22 16:05:819 INFO  CustomerLoginPage :47 - Click on login button [[ChromeDriver: chrome on WINDOWS (842a03130eb24a95d0a4ca0605b83c37)] -> xpath: //button[@type='submit']]
2023-05-22 16:05:106 INFO  CustomerLoginPage :51 - Verify logout text [[ChromeDriver: chrome on WINDOWS (842a03130eb24a95d0a4ca0605b83c37)] -> xpath: //button[@class='btn logout']]
2023-05-22 16:05:160 INFO  CustomerLoginPage :55 - Click on logout button [[ChromeDriver: chrome on WINDOWS (842a03130eb24a95d0a4ca0605b83c37)] -> xpath: //button[@class='btn logout']]
2023-05-22 16:05:272 INFO  CustomerLoginPage :59 - Verify text [[ChromeDriver: chrome on WINDOWS (842a03130eb24a95d0a4ca0605b83c37)] -> xpath: //label[contains(text(),'Your Name :')]]
2023-05-22 16:05:836 INFO  HomePage :33 - Click on customer login button [[ChromeDriver: chrome on WINDOWS (81e3f9aa087fda9f9a36fede7f4b4b65)] -> xpath: //button[contains(text(),'Customer Login')]]
2023-05-22 16:05:59 INFO  CustomerLoginPage :47 - Click on login button [[ChromeDriver: chrome on WINDOWS (81e3f9aa087fda9f9a36fede7f4b4b65)] -> xpath: //button[@type='submit']]
2023-05-22 16:05:595 INFO  AccountPage :66 - Enter amount : [[ChromeDriver: chrome on WINDOWS (81e3f9aa087fda9f9a36fede7f4b4b65)] -> xpath: //input[@placeholder='amount']]
2023-05-22 16:05:700 INFO  AccountPage :71 - Click on deposit button [[ChromeDriver: chrome on WINDOWS (81e3f9aa087fda9f9a36fede7f4b4b65)] -> xpath: //body/div[3]/div[1]/div[2]/div[1]/div[4]/div[1]/form[1]/button[1]]
2023-05-22 16:05:824 INFO  AccountPage :76 - Verify message : [[ChromeDriver: chrome on WINDOWS (81e3f9aa087fda9f9a36fede7f4b4b65)] -> xpath: //span[contains(text(),'Deposit Successful')]]
2023-05-22 16:05:768 INFO  HomePage :33 - Click on customer login button [[ChromeDriver: chrome on WINDOWS (050458559a0588c7779ab500ee1bdbdf)] -> xpath: //button[contains(text(),'Customer Login')]]
2023-05-22 16:05:84 INFO  CustomerLoginPage :47 - Click on login button [[ChromeDriver: chrome on WINDOWS (050458559a0588c7779ab500ee1bdbdf)] -> xpath: //button[@type='submit']]
2023-05-22 16:05:350 INFO  AccountPage :81 - Click on withdrawl button [[ChromeDriver: chrome on WINDOWS (050458559a0588c7779ab500ee1bdbdf)] -> xpath: //button[@ng-click='withdrawl()']]
2023-05-22 16:05:654 INFO  AccountPage :86 - Enter amount [[ChromeDriver: chrome on WINDOWS (050458559a0588c7779ab500ee1bdbdf)] -> xpath: //input[@placeholder='amount']]
2023-05-22 16:05:795 INFO  AccountPage :91 - click on withdrawl Button [[ChromeDriver: chrome on WINDOWS (050458559a0588c7779ab500ee1bdbdf)] -> xpath: //button[contains(text(),'Withdraw')and@type='submit']]
2023-05-22 16:05:942 INFO  AccountPage :96 - Transaction message Proxy element for: DefaultElementLocator 'By.xpath: //span[contains(text(),'Transaction successful')]'
2023-05-22 16:05:532 INFO  HomePage :41 - Click on bank manager login button [[ChromeDriver: chrome on WINDOWS (d820a9d66282a787208f53a82ed8525a)] -> xpath: //button[text()='Bank Manager Login']]
2023-05-22 16:05:84 INFO  AddCustomerPage :41 - Click on addCustomer button : [[ChromeDriver: chrome on WINDOWS (d820a9d66282a787208f53a82ed8525a)] -> xpath: //body/div[3]/div[1]/div[2]/div[1]/div[1]/button[1]]
2023-05-22 16:05:617 INFO  AddCustomerPage :45 - Enter first name : [[ChromeDriver: chrome on WINDOWS (d820a9d66282a787208f53a82ed8525a)] -> xpath: /html[1]/body[1]/div[3]/div[1]/div[2]/div[1]/div[2]/div[1]/div[1]/form[1]/div[1]/input[1]]
2023-05-22 16:05:28 INFO  AddCustomerPage :50 - Enter last name : [[ChromeDriver: chrome on WINDOWS (d820a9d66282a787208f53a82ed8525a)] -> xpath: //input[@placeholder='Last Name']]
2023-05-22 16:05:365 INFO  AddCustomerPage :55 - Enter postcode : [[ChromeDriver: chrome on WINDOWS (d820a9d66282a787208f53a82ed8525a)] -> xpath: //input[@placeholder='Post Code']]
2023-05-22 16:05:840 INFO  AddCustomerPage :60 - Click on add customer button : [[ChromeDriver: chrome on WINDOWS (d820a9d66282a787208f53a82ed8525a)] -> xpath: //button[text()='Add Customer']]
2023-05-22 16:05:39 INFO  HomePage :41 - Click on bank manager login button [[ChromeDriver: chrome on WINDOWS (154d9b4d55658eab2f00bc68fc492532)] -> xpath: //button[text()='Bank Manager Login']]
2023-05-22 16:05:311 INFO  OpenAccountPage :35 - Click on open account [[ChromeDriver: chrome on WINDOWS (154d9b4d55658eab2f00bc68fc492532)] -> xpath: //button[@ng-click='openAccount()']]
2023-05-22 16:05:07 INFO  OpenAccountPage :53 - Select currency from dropdown [[ChromeDriver: chrome on WINDOWS (154d9b4d55658eab2f00bc68fc492532)] -> id: currency]
2023-05-22 16:05:176 INFO  OpenAccountPage :58 - Click on process button [[ChromeDriver: chrome on WINDOWS (154d9b4d55658eab2f00bc68fc492532)] -> xpath: //button[@type='submit']]
2023-05-22 16:05:289 INFO  OpenAccountPage :62 - Get text from alert
2023-05-22 16:05:305 INFO  OpenAccountPage :62 - Get text from alert
2023-05-22 16:05:01 INFO  HomePage :33 - Click on customer login button [[ChromeDriver: chrome on WINDOWS (ccfc19aac9cbf5362b90e283df9d20da)] -> xpath: //button[contains(text(),'Customer Login')]]
2023-05-22 16:05:560 INFO  CustomerLoginPage :47 - Click on login button [[ChromeDriver: chrome on WINDOWS (ccfc19aac9cbf5362b90e283df9d20da)] -> xpath: //button[@type='submit']]
2023-05-22 16:05:900 INFO  CustomerLoginPage :51 - Verify logout text [[ChromeDriver: chrome on WINDOWS (ccfc19aac9cbf5362b90e283df9d20da)] -> xpath: //button[@class='btn logout']]
2023-05-22 16:05:41 INFO  CustomerLoginPage :55 - Click on logout button [[ChromeDriver: chrome on WINDOWS (ccfc19aac9cbf5362b90e283df9d20da)] -> xpath: //button[@class='btn logout']]
2023-05-22 16:05:261 INFO  CustomerLoginPage :59 - Verify text [[ChromeDriver: chrome on WINDOWS (ccfc19aac9cbf5362b90e283df9d20da)] -> xpath: //label[contains(text(),'Your Name :')]]
2023-05-22 16:05:486 INFO  HomePage :33 - Click on customer login button [[ChromeDriver: chrome on WINDOWS (eb5375475713917d28eaa84554dc0d13)] -> xpath: //button[contains(text(),'Customer Login')]]
2023-05-22 16:05:766 INFO  CustomerLoginPage :47 - Click on login button [[ChromeDriver: chrome on WINDOWS (eb5375475713917d28eaa84554dc0d13)] -> xpath: //button[@type='submit']]
2023-05-22 16:05:392 INFO  AccountPage :66 - Enter amount : [[ChromeDriver: chrome on WINDOWS (eb5375475713917d28eaa84554dc0d13)] -> xpath: //input[@placeholder='amount']]
2023-05-22 16:05:558 INFO  AccountPage :71 - Click on deposit button [[ChromeDriver: chrome on WINDOWS (eb5375475713917d28eaa84554dc0d13)] -> xpath: //body/div[3]/div[1]/div[2]/div[1]/div[4]/div[1]/form[1]/button[1]]
2023-05-22 16:05:689 INFO  AccountPage :76 - Verify message : [[ChromeDriver: chrome on WINDOWS (eb5375475713917d28eaa84554dc0d13)] -> xpath: //span[contains(text(),'Deposit Successful')]]
2023-05-22 16:05:730 INFO  HomePage :33 - Click on customer login button [[ChromeDriver: chrome on WINDOWS (fb06d01022a9803950790b82a7b28a90)] -> xpath: //button[contains(text(),'Customer Login')]]
2023-05-22 16:05:11 INFO  CustomerLoginPage :47 - Click on login button [[ChromeDriver: chrome on WINDOWS (fb06d01022a9803950790b82a7b28a90)] -> xpath: //button[@type='submit']]
2023-05-22 16:05:280 INFO  AccountPage :81 - Click on withdrawl button [[ChromeDriver: chrome on WINDOWS (fb06d01022a9803950790b82a7b28a90)] -> xpath: //button[@ng-click='withdrawl()']]
2023-05-22 16:05:594 INFO  AccountPage :86 - Enter amount [[ChromeDriver: chrome on WINDOWS (fb06d01022a9803950790b82a7b28a90)] -> xpath: //input[@placeholder='amount']]
2023-05-22 16:05:764 INFO  AccountPage :91 - click on withdrawl Button [[ChromeDriver: chrome on WINDOWS (fb06d01022a9803950790b82a7b28a90)] -> xpath: //button[contains(text(),'Withdraw')and@type='submit']]
2023-05-22 16:05:935 INFO  AccountPage :97 - Transaction message Proxy element for: DefaultElementLocator 'By.xpath: //span[contains(text(),'Transaction successful')]'
2023-05-22 17:05:953 INFO  HomePage :41 - Click on bank manager login button [[ChromeDriver: chrome on WINDOWS (73a42faa9230907fbc19d82b1dfdd31c)] -> xpath: //button[text()='Bank Manager Login']]
2023-05-22 17:05:770 INFO  AddCustomerPage :41 - Click on addCustomer button : [[ChromeDriver: chrome on WINDOWS (73a42faa9230907fbc19d82b1dfdd31c)] -> xpath: //body/div[3]/div[1]/div[2]/div[1]/div[1]/button[1]]
2023-05-22 17:05:19 INFO  AddCustomerPage :45 - Enter first name : [[ChromeDriver: chrome on WINDOWS (73a42faa9230907fbc19d82b1dfdd31c)] -> xpath: /html[1]/body[1]/div[3]/div[1]/div[2]/div[1]/div[2]/div[1]/div[1]/form[1]/div[1]/input[1]]
2023-05-22 17:05:115 INFO  AddCustomerPage :50 - Enter last name : [[ChromeDriver: chrome on WINDOWS (73a42faa9230907fbc19d82b1dfdd31c)] -> xpath: //input[@placeholder='Last Name']]
2023-05-22 17:05:199 INFO  AddCustomerPage :55 - Enter postcode : [[ChromeDriver: chrome on WINDOWS (73a42faa9230907fbc19d82b1dfdd31c)] -> xpath: //input[@placeholder='Post Code']]
2023-05-22 17:05:284 INFO  AddCustomerPage :60 - Click on add customer button : [[ChromeDriver: chrome on WINDOWS (73a42faa9230907fbc19d82b1dfdd31c)] -> xpath: //button[text()='Add Customer']]
2023-05-22 17:05:576 INFO  HomePage :41 - Click on bank manager login button [[ChromeDriver: chrome on WINDOWS (1030e819be1c6f840158f8fa51794cf3)] -> xpath: //button[text()='Bank Manager Login']]
2023-05-22 17:05:823 INFO  OpenAccountPage :35 - Click on open account [[ChromeDriver: chrome on WINDOWS (1030e819be1c6f840158f8fa51794cf3)] -> xpath: //button[@ng-click='openAccount()']]
2023-05-22 17:05:274 INFO  OpenAccountPage :53 - Select currency from dropdown [[ChromeDriver: chrome on WINDOWS (1030e819be1c6f840158f8fa51794cf3)] -> id: currency]
2023-05-22 17:05:371 INFO  OpenAccountPage :58 - Click on process button [[ChromeDriver: chrome on WINDOWS (1030e819be1c6f840158f8fa51794cf3)] -> xpath: //button[@type='submit']]
2023-05-22 17:05:437 INFO  OpenAccountPage :62 - Get text from alert
2023-05-22 17:05:447 INFO  OpenAccountPage :62 - Get text from alert
2023-05-22 17:05:629 INFO  HomePage :33 - Click on customer login button [[ChromeDriver: chrome on WINDOWS (e9ad01094d87974f094904751c5c7cf5)] -> xpath: //button[contains(text(),'Customer Login')]]
2023-05-22 17:05:815 INFO  CustomerLoginPage :47 - Click on login button [[ChromeDriver: chrome on WINDOWS (e9ad01094d87974f094904751c5c7cf5)] -> xpath: //button[@type='submit']]
2023-05-22 17:05:76 INFO  CustomerLoginPage :51 - Verify logout text [[ChromeDriver: chrome on WINDOWS (e9ad01094d87974f094904751c5c7cf5)] -> xpath: //button[@class='btn logout']]
2023-05-22 17:05:104 INFO  CustomerLoginPage :55 - Click on logout button [[ChromeDriver: chrome on WINDOWS (e9ad01094d87974f094904751c5c7cf5)] -> xpath: //button[@class='btn logout']]
2023-05-22 17:05:159 INFO  CustomerLoginPage :59 - Verify text [[ChromeDriver: chrome on WINDOWS (e9ad01094d87974f094904751c5c7cf5)] -> xpath: //label[contains(text(),'Your Name :')]]
2023-05-22 17:05:479 INFO  HomePage :33 - Click on customer login button [[ChromeDriver: chrome on WINDOWS (a16f57b373974c03864df2d5f0fbda30)] -> xpath: //button[contains(text(),'Customer Login')]]
2023-05-22 17:05:650 INFO  CustomerLoginPage :47 - Click on login button [[ChromeDriver: chrome on WINDOWS (a16f57b373974c03864df2d5f0fbda30)] -> xpath: //button[@type='submit']]
2023-05-22 17:05:170 INFO  AccountPage :67 - Enter amount : [[ChromeDriver: chrome on WINDOWS (a16f57b373974c03864df2d5f0fbda30)] -> xpath: //input[@placeholder='amount']]
2023-05-22 17:05:255 INFO  AccountPage :72 - Click on deposit button [[ChromeDriver: chrome on WINDOWS (a16f57b373974c03864df2d5f0fbda30)] -> xpath: //body/div[3]/div[1]/div[2]/div[1]/div[4]/div[1]/form[1]/button[1]]
2023-05-22 17:05:331 INFO  AccountPage :77 - Verify message : [[ChromeDriver: chrome on WINDOWS (a16f57b373974c03864df2d5f0fbda30)] -> xpath: //span[contains(text(),'Deposit Successful')]]
2023-05-22 17:05:490 INFO  HomePage :33 - Click on customer login button [[ChromeDriver: chrome on WINDOWS (8fc686a8992e47ec8ea8cd382fa333a0)] -> xpath: //button[contains(text(),'Customer Login')]]
2023-05-22 17:05:733 INFO  CustomerLoginPage :47 - Click on login button [[ChromeDriver: chrome on WINDOWS (8fc686a8992e47ec8ea8cd382fa333a0)] -> xpath: //button[@type='submit']]
2023-05-22 17:05:16 INFO  AccountPage :82 - Click on withdrawl button [[ChromeDriver: chrome on WINDOWS (8fc686a8992e47ec8ea8cd382fa333a0)] -> xpath: //button[@ng-click='withdrawl()']]
2023-05-22 17:05:263 INFO  AccountPage :87 - Enter amount [[ChromeDriver: chrome on WINDOWS (8fc686a8992e47ec8ea8cd382fa333a0)] -> xpath: //input[@placeholder='amount']]
2023-05-22 17:05:331 INFO  AccountPage :92 - click on withdrawl Button [[ChromeDriver: chrome on WINDOWS (8fc686a8992e47ec8ea8cd382fa333a0)] -> xpath: //button[contains(text(),'Withdraw')and@type='submit']]
2023-05-22 17:05:419 INFO  AccountPage :98 - Transaction message [[ChromeDriver: chrome on WINDOWS (8fc686a8992e47ec8ea8cd382fa333a0)] -> xpath: //span[@class='error ng-binding']]
2023-05-22 18:05:231 INFO  HomePage :41 - Click on bank manager login button [[ChromeDriver: chrome on WINDOWS (5bc39215d6ca1bf40c22b83b5e729cb9)] -> xpath: //button[text()='Bank Manager Login']]
2023-05-22 18:05:150 INFO  AddCustomerPage :41 - Click on addCustomer button : [[ChromeDriver: chrome on WINDOWS (5bc39215d6ca1bf40c22b83b5e729cb9)] -> xpath: //body/div[3]/div[1]/div[2]/div[1]/div[1]/button[1]]
2023-05-22 18:05:392 INFO  AddCustomerPage :45 - Enter first name : [[ChromeDriver: chrome on WINDOWS (5bc39215d6ca1bf40c22b83b5e729cb9)] -> xpath: /html[1]/body[1]/div[3]/div[1]/div[2]/div[1]/div[2]/div[1]/div[1]/form[1]/div[1]/input[1]]
2023-05-22 18:05:479 INFO  AddCustomerPage :50 - Enter last name : [[ChromeDriver: chrome on WINDOWS (5bc39215d6ca1bf40c22b83b5e729cb9)] -> xpath: //input[@placeholder='Last Name']]
2023-05-22 18:05:566 INFO  AddCustomerPage :55 - Enter postcode : [[ChromeDriver: chrome on WINDOWS (5bc39215d6ca1bf40c22b83b5e729cb9)] -> xpath: //input[@placeholder='Post Code']]
2023-05-22 18:05:666 INFO  AddCustomerPage :60 - Click on add customer button : [[ChromeDriver: chrome on WINDOWS (5bc39215d6ca1bf40c22b83b5e729cb9)] -> xpath: //button[text()='Add Customer']]
2023-05-22 18:05:864 INFO  HomePage :41 - Click on bank manager login button [[ChromeDriver: chrome on WINDOWS (4ac86e413b630649dae52d769ea6176f)] -> xpath: //button[text()='Bank Manager Login']]
2023-05-22 18:05:104 INFO  OpenAccountPage :35 - Click on open account [[ChromeDriver: chrome on WINDOWS (4ac86e413b630649dae52d769ea6176f)] -> xpath: //button[@ng-click='openAccount()']]
2023-05-22 18:05:513 INFO  OpenAccountPage :53 - Select currency from dropdown [[ChromeDriver: chrome on WINDOWS (4ac86e413b630649dae52d769ea6176f)] -> id: currency]
2023-05-22 18:05:612 INFO  OpenAccountPage :58 - Click on process button [[ChromeDriver: chrome on WINDOWS (4ac86e413b630649dae52d769ea6176f)] -> xpath: //button[@type='submit']]
2023-05-22 18:05:671 INFO  OpenAccountPage :62 - Get text from alert
2023-05-22 18:05:678 INFO  OpenAccountPage :62 - Get text from alert
2023-05-22 18:05:876 INFO  HomePage :33 - Click on customer login button [[ChromeDriver: chrome on WINDOWS (2854b6705a238c4faa14b38acd552b36)] -> xpath: //button[contains(text(),'Customer Login')]]
2023-05-22 18:05:61 INFO  CustomerLoginPage :47 - Click on login button [[ChromeDriver: chrome on WINDOWS (2854b6705a238c4faa14b38acd552b36)] -> xpath: //button[@type='submit']]
2023-05-22 18:05:388 INFO  CustomerLoginPage :51 - Verify logout text [[ChromeDriver: chrome on WINDOWS (2854b6705a238c4faa14b38acd552b36)] -> xpath: //button[@class='btn logout']]
2023-05-22 18:05:420 INFO  CustomerLoginPage :55 - Click on logout button [[ChromeDriver: chrome on WINDOWS (2854b6705a238c4faa14b38acd552b36)] -> xpath: //button[@class='btn logout']]
2023-05-22 18:05:492 INFO  CustomerLoginPage :59 - Verify text [[ChromeDriver: chrome on WINDOWS (2854b6705a238c4faa14b38acd552b36)] -> xpath: //label[contains(text(),'Your Name :')]]
2023-05-22 18:05:661 INFO  HomePage :33 - Click on customer login button [[ChromeDriver: chrome on WINDOWS (d1b75b0a230401b11938e2491d394bb5)] -> xpath: //button[contains(text(),'Customer Login')]]
2023-05-22 18:05:832 INFO  CustomerLoginPage :47 - Click on login button [[ChromeDriver: chrome on WINDOWS (d1b75b0a230401b11938e2491d394bb5)] -> xpath: //button[@type='submit']]
2023-05-22 18:05:335 INFO  AccountPage :68 - Enter amount : [[ChromeDriver: chrome on WINDOWS (d1b75b0a230401b11938e2491d394bb5)] -> xpath: //input[@placeholder='amount']]
2023-05-22 18:05:416 INFO  AccountPage :73 - Click on deposit button [[ChromeDriver: chrome on WINDOWS (d1b75b0a230401b11938e2491d394bb5)] -> xpath: //body/div[3]/div[1]/div[2]/div[1]/div[4]/div[1]/form[1]/button[1]]
2023-05-22 18:05:489 INFO  AccountPage :78 - Verify message : [[ChromeDriver: chrome on WINDOWS (d1b75b0a230401b11938e2491d394bb5)] -> xpath: //span[contains(text(),'Deposit Successful')]]
2023-05-22 18:05:674 INFO  HomePage :33 - Click on customer login button [[ChromeDriver: chrome on WINDOWS (8a68aa9098fa0fc8bebd5a050ebeb9d2)] -> xpath: //button[contains(text(),'Customer Login')]]
2023-05-22 18:05:858 INFO  CustomerLoginPage :47 - Click on login button [[ChromeDriver: chrome on WINDOWS (8a68aa9098fa0fc8bebd5a050ebeb9d2)] -> xpath: //button[@type='submit']]
2023-05-22 18:05:124 INFO  AccountPage :83 - Click on withdrawl button [[ChromeDriver: chrome on WINDOWS (8a68aa9098fa0fc8bebd5a050ebeb9d2)] -> xpath: //button[@ng-click='withdrawl()']]
2023-05-22 18:05:369 INFO  AccountPage :88 - Enter amount [[ChromeDriver: chrome on WINDOWS (8a68aa9098fa0fc8bebd5a050ebeb9d2)] -> xpath: //input[@placeholder='amount']]
2023-05-22 18:05:444 INFO  AccountPage :93 - click on withdrawl Button [[ChromeDriver: chrome on WINDOWS (8a68aa9098fa0fc8bebd5a050ebeb9d2)] -> xpath: //button[normalize-space()='Withdraw']]
2023-05-22 18:05:523 INFO  AccountPage :99 - Transaction message [[ChromeDriver: chrome on WINDOWS (8a68aa9098fa0fc8bebd5a050ebeb9d2)] -> xpath: //span[@class='error ng-binding']]
2023-05-22 18:05:691 INFO  HomePage :41 - Click on bank manager login button [[ChromeDriver: chrome on WINDOWS (dd720056f865062f2394582689c9312d)] -> xpath: //button[text()='Bank Manager Login']]
2023-05-22 18:05:326 INFO  AddCustomerPage :41 - Click on addCustomer button : [[ChromeDriver: chrome on WINDOWS (dd720056f865062f2394582689c9312d)] -> xpath: //body/div[3]/div[1]/div[2]/div[1]/div[1]/button[1]]
2023-05-22 18:05:573 INFO  AddCustomerPage :45 - Enter first name : [[ChromeDriver: chrome on WINDOWS (dd720056f865062f2394582689c9312d)] -> xpath: /html[1]/body[1]/div[3]/div[1]/div[2]/div[1]/div[2]/div[1]/div[1]/form[1]/div[1]/input[1]]
2023-05-22 18:05:666 INFO  AddCustomerPage :50 - Enter last name : [[ChromeDriver: chrome on WINDOWS (dd720056f865062f2394582689c9312d)] -> xpath: //input[@placeholder='Last Name']]
2023-05-22 18:05:744 INFO  AddCustomerPage :55 - Enter postcode : [[ChromeDriver: chrome on WINDOWS (dd720056f865062f2394582689c9312d)] -> xpath: //input[@placeholder='Post Code']]
2023-05-22 18:05:836 INFO  AddCustomerPage :60 - Click on add customer button : [[ChromeDriver: chrome on WINDOWS (dd720056f865062f2394582689c9312d)] -> xpath: //button[text()='Add Customer']]
2023-05-22 18:05:704 INFO  HomePage :41 - Click on bank manager login button [[ChromeDriver: chrome on WINDOWS (2ee79647d9f586b843467caa87b712bd)] -> xpath: //button[text()='Bank Manager Login']]
2023-05-22 18:05:937 INFO  OpenAccountPage :35 - Click on open account [[ChromeDriver: chrome on WINDOWS (2ee79647d9f586b843467caa87b712bd)] -> xpath: //button[@ng-click='openAccount()']]
2023-05-22 18:05:407 INFO  OpenAccountPage :53 - Select currency from dropdown [[ChromeDriver: chrome on WINDOWS (2ee79647d9f586b843467caa87b712bd)] -> id: currency]
2023-05-22 18:05:506 INFO  OpenAccountPage :58 - Click on process button [[ChromeDriver: chrome on WINDOWS (2ee79647d9f586b843467caa87b712bd)] -> xpath: //button[@type='submit']]
2023-05-22 18:05:576 INFO  OpenAccountPage :62 - Get text from alert
2023-05-22 18:05:583 INFO  OpenAccountPage :62 - Get text from alert
2023-05-22 18:05:793 INFO  HomePage :33 - Click on customer login button [[ChromeDriver: chrome on WINDOWS (1e2c837c7d7bbb82fb7e9f5a2f704380)] -> xpath: //button[contains(text(),'Customer Login')]]
2023-05-22 18:05:970 INFO  CustomerLoginPage :47 - Click on login button [[ChromeDriver: chrome on WINDOWS (1e2c837c7d7bbb82fb7e9f5a2f704380)] -> xpath: //button[@type='submit']]
2023-05-22 18:05:218 INFO  CustomerLoginPage :51 - Verify logout text [[ChromeDriver: chrome on WINDOWS (1e2c837c7d7bbb82fb7e9f5a2f704380)] -> xpath: //button[@class='btn logout']]
2023-05-22 18:05:256 INFO  CustomerLoginPage :55 - Click on logout button [[ChromeDriver: chrome on WINDOWS (1e2c837c7d7bbb82fb7e9f5a2f704380)] -> xpath: //button[@class='btn logout']]
2023-05-22 18:05:322 INFO  CustomerLoginPage :59 - Verify text [[ChromeDriver: chrome on WINDOWS (1e2c837c7d7bbb82fb7e9f5a2f704380)] -> xpath: //label[contains(text(),'Your Name :')]]
2023-05-22 18:05:533 INFO  HomePage :33 - Click on customer login button [[ChromeDriver: chrome on WINDOWS (cc9a3720e85506be6fdc6cc0f9d964b7)] -> xpath: //button[contains(text(),'Customer Login')]]
2023-05-22 18:05:712 INFO  CustomerLoginPage :47 - Click on login button [[ChromeDriver: chrome on WINDOWS (cc9a3720e85506be6fdc6cc0f9d964b7)] -> xpath: //button[@type='submit']]
2023-05-22 18:05:225 INFO  AccountPage :68 - Enter amount : [[ChromeDriver: chrome on WINDOWS (cc9a3720e85506be6fdc6cc0f9d964b7)] -> xpath: //input[@placeholder='amount']]
2023-05-22 18:05:297 INFO  AccountPage :73 - Click on deposit button [[ChromeDriver: chrome on WINDOWS (cc9a3720e85506be6fdc6cc0f9d964b7)] -> xpath: //body/div[3]/div[1]/div[2]/div[1]/div[4]/div[1]/form[1]/button[1]]
2023-05-22 18:05:375 INFO  AccountPage :78 - Verify message : [[ChromeDriver: chrome on WINDOWS (cc9a3720e85506be6fdc6cc0f9d964b7)] -> xpath: //span[contains(text(),'Deposit Successful')]]
2023-05-22 18:05:580 INFO  HomePage :33 - Click on customer login button [[ChromeDriver: chrome on WINDOWS (4ed2022972fa407009ffe6b81c3208af)] -> xpath: //button[contains(text(),'Customer Login')]]
2023-05-22 18:05:774 INFO  CustomerLoginPage :47 - Click on login button [[ChromeDriver: chrome on WINDOWS (4ed2022972fa407009ffe6b81c3208af)] -> xpath: //button[@type='submit']]
2023-05-22 18:05:41 INFO  AccountPage :83 - Click on withdrawl button [[ChromeDriver: chrome on WINDOWS (4ed2022972fa407009ffe6b81c3208af)] -> xpath: //button[@ng-click='withdrawl()']]
2023-05-22 18:05:295 INFO  AccountPage :88 - Enter amount [[ChromeDriver: chrome on WINDOWS (4ed2022972fa407009ffe6b81c3208af)] -> xpath: //input[@placeholder='amount']]
2023-05-22 18:05:365 INFO  AccountPage :93 - click on withdrawl Button [[ChromeDriver: chrome on WINDOWS (4ed2022972fa407009ffe6b81c3208af)] -> xpath: //button[normalize-space()='Withdraw']]
2023-05-22 18:05:446 INFO  AccountPage :99 - Transaction message [[ChromeDriver: chrome on WINDOWS (4ed2022972fa407009ffe6b81c3208af)] -> xpath: //span[@class='error ng-binding']]
2023-05-22 18:05:502 INFO  HomePage :41 - Click on bank manager login button [[ChromeDriver: chrome on WINDOWS (2252b342bcaca7ed50b348acc636aa1e)] -> xpath: //button[text()='Bank Manager Login']]
2023-05-22 18:05:162 INFO  AddCustomerPage :41 - Click on addCustomer button : [[ChromeDriver: chrome on WINDOWS (2252b342bcaca7ed50b348acc636aa1e)] -> xpath: //body/div[3]/div[1]/div[2]/div[1]/div[1]/button[1]]
2023-05-22 18:05:421 INFO  AddCustomerPage :45 - Enter first name : [[ChromeDriver: chrome on WINDOWS (2252b342bcaca7ed50b348acc636aa1e)] -> xpath: /html[1]/body[1]/div[3]/div[1]/div[2]/div[1]/div[2]/div[1]/div[1]/form[1]/div[1]/input[1]]
2023-05-22 18:05:505 INFO  AddCustomerPage :50 - Enter last name : [[ChromeDriver: chrome on WINDOWS (2252b342bcaca7ed50b348acc636aa1e)] -> xpath: //input[@placeholder='Last Name']]
2023-05-22 18:05:592 INFO  AddCustomerPage :55 - Enter postcode : [[ChromeDriver: chrome on WINDOWS (2252b342bcaca7ed50b348acc636aa1e)] -> xpath: //input[@placeholder='Post Code']]
2023-05-22 18:05:683 INFO  AddCustomerPage :60 - Click on add customer button : [[ChromeDriver: chrome on WINDOWS (2252b342bcaca7ed50b348acc636aa1e)] -> xpath: //button[text()='Add Customer']]
2023-05-22 18:05:29 INFO  HomePage :41 - Click on bank manager login button [[ChromeDriver: chrome on WINDOWS (605630cd857a417ca3bb70a42b3447be)] -> xpath: //button[text()='Bank Manager Login']]
2023-05-22 18:05:288 INFO  OpenAccountPage :35 - Click on open account [[ChromeDriver: chrome on WINDOWS (605630cd857a417ca3bb70a42b3447be)] -> xpath: //button[@ng-click='openAccount()']]
2023-05-22 18:05:765 INFO  OpenAccountPage :53 - Select currency from dropdown [[ChromeDriver: chrome on WINDOWS (605630cd857a417ca3bb70a42b3447be)] -> id: currency]
2023-05-22 18:05:868 INFO  OpenAccountPage :58 - Click on process button [[ChromeDriver: chrome on WINDOWS (605630cd857a417ca3bb70a42b3447be)] -> xpath: //button[@type='submit']]
2023-05-22 18:05:927 INFO  OpenAccountPage :62 - Get text from alert
2023-05-22 18:05:935 INFO  OpenAccountPage :62 - Get text from alert
2023-05-22 18:05:210 INFO  HomePage :33 - Click on customer login button [[ChromeDriver: chrome on WINDOWS (02ebc5cebf46c353928a60a73fdf1d67)] -> xpath: //button[contains(text(),'Customer Login')]]
2023-05-22 18:05:417 INFO  CustomerLoginPage :47 - Click on login button [[ChromeDriver: chrome on WINDOWS (02ebc5cebf46c353928a60a73fdf1d67)] -> xpath: //button[@type='submit']]
2023-05-22 18:05:699 INFO  CustomerLoginPage :51 - Verify logout text [[ChromeDriver: chrome on WINDOWS (02ebc5cebf46c353928a60a73fdf1d67)] -> xpath: //button[@class='btn logout']]
2023-05-22 18:05:745 INFO  CustomerLoginPage :55 - Click on logout button [[ChromeDriver: chrome on WINDOWS (02ebc5cebf46c353928a60a73fdf1d67)] -> xpath: //button[@class='btn logout']]
2023-05-22 18:05:814 INFO  CustomerLoginPage :59 - Verify text [[ChromeDriver: chrome on WINDOWS (02ebc5cebf46c353928a60a73fdf1d67)] -> xpath: //label[contains(text(),'Your Name :')]]
2023-05-22 18:05:35 INFO  HomePage :33 - Click on customer login button [[ChromeDriver: chrome on WINDOWS (2a62302a5ff08b244ba3f207b5fc66df)] -> xpath: //button[contains(text(),'Customer Login')]]
2023-05-22 18:05:223 INFO  CustomerLoginPage :47 - Click on login button [[ChromeDriver: chrome on WINDOWS (2a62302a5ff08b244ba3f207b5fc66df)] -> xpath: //button[@type='submit']]
2023-05-22 18:05:733 INFO  AccountPage :68 - Enter amount : [[ChromeDriver: chrome on WINDOWS (2a62302a5ff08b244ba3f207b5fc66df)] -> xpath: //input[@placeholder='amount']]
2023-05-22 18:05:823 INFO  AccountPage :73 - Click on deposit button [[ChromeDriver: chrome on WINDOWS (2a62302a5ff08b244ba3f207b5fc66df)] -> xpath: //body/div[3]/div[1]/div[2]/div[1]/div[4]/div[1]/form[1]/button[1]]
2023-05-22 18:05:895 INFO  AccountPage :78 - Verify message : [[ChromeDriver: chrome on WINDOWS (2a62302a5ff08b244ba3f207b5fc66df)] -> xpath: //span[contains(text(),'Deposit Successful')]]
2023-05-22 18:05:582 INFO  HomePage :33 - Click on customer login button [[ChromeDriver: chrome on WINDOWS (5dbb523f11923c5a20b1189923805dff)] -> xpath: //button[contains(text(),'Customer Login')]]
2023-05-22 18:05:756 INFO  CustomerLoginPage :47 - Click on login button [[ChromeDriver: chrome on WINDOWS (5dbb523f11923c5a20b1189923805dff)] -> xpath: //button[@type='submit']]
2023-05-22 18:05:72 INFO  AccountPage :83 - Click on withdrawl button [[ChromeDriver: chrome on WINDOWS (5dbb523f11923c5a20b1189923805dff)] -> xpath: //button[normalize-space()='Withdrawl']]
2023-05-22 18:05:316 INFO  AccountPage :88 - Enter amount [[ChromeDriver: chrome on WINDOWS (5dbb523f11923c5a20b1189923805dff)] -> xpath: //input[@placeholder='amount']]
2023-05-22 18:05:382 INFO  AccountPage :93 - click on withdrawl Button [[ChromeDriver: chrome on WINDOWS (5dbb523f11923c5a20b1189923805dff)] -> xpath: //button[normalize-space()='Withdraw']]
2023-05-22 18:05:465 INFO  AccountPage :99 - Transaction message [[ChromeDriver: chrome on WINDOWS (5dbb523f11923c5a20b1189923805dff)] -> xpath: //span[@class='error ng-binding']]
2023-05-22 21:05:858 INFO  HomePage :41 - Click on bank manager login button [[ChromeDriver: chrome on WINDOWS (d20f62c784b1c7636ac8506d0da71035)] -> xpath: //button[text()='Bank Manager Login']]
2023-05-22 21:05:707 INFO  AddCustomerPage :41 - Click on addCustomer button : [[ChromeDriver: chrome on WINDOWS (d20f62c784b1c7636ac8506d0da71035)] -> xpath: //body/div[3]/div[1]/div[2]/div[1]/div[1]/button[1]]
2023-05-22 21:05:138 INFO  AddCustomerPage :45 - Enter first name : [[ChromeDriver: chrome on WINDOWS (d20f62c784b1c7636ac8506d0da71035)] -> xpath: /html[1]/body[1]/div[3]/div[1]/div[2]/div[1]/div[2]/div[1]/div[1]/form[1]/div[1]/input[1]]
2023-05-22 21:05:650 INFO  AddCustomerPage :50 - Enter last name : [[ChromeDriver: chrome on WINDOWS (d20f62c784b1c7636ac8506d0da71035)] -> xpath: //input[@placeholder='Last Name']]
2023-05-22 21:05:977 INFO  AddCustomerPage :55 - Enter postcode : [[ChromeDriver: chrome on WINDOWS (d20f62c784b1c7636ac8506d0da71035)] -> xpath: //input[@placeholder='Post Code']]
2023-05-22 21:05:429 INFO  AddCustomerPage :60 - Click on add customer button : [[ChromeDriver: chrome on WINDOWS (d20f62c784b1c7636ac8506d0da71035)] -> xpath: //button[text()='Add Customer']]
2023-05-22 21:05:150 INFO  HomePage :41 - Click on bank manager login button [[ChromeDriver: chrome on WINDOWS (1ef1efb65a99ee4fcb861487e4446d33)] -> xpath: //button[text()='Bank Manager Login']]
2023-05-22 21:05:461 INFO  OpenAccountPage :35 - Click on open account [[ChromeDriver: chrome on WINDOWS (1ef1efb65a99ee4fcb861487e4446d33)] -> xpath: //button[@ng-click='openAccount()']]
2023-05-22 21:05:874 INFO  OpenAccountPage :53 - Select currency from dropdown [[ChromeDriver: chrome on WINDOWS (1ef1efb65a99ee4fcb861487e4446d33)] -> id: currency]
2023-05-22 21:05:459 INFO  OpenAccountPage :58 - Click on process button [[ChromeDriver: chrome on WINDOWS (1ef1efb65a99ee4fcb861487e4446d33)] -> xpath: //button[@type='submit']]
2023-05-22 21:05:724 INFO  OpenAccountPage :62 - Get text from alert
2023-05-22 21:05:765 INFO  OpenAccountPage :62 - Get text from alert
2023-05-22 21:05:117 INFO  HomePage :33 - Click on customer login button [[ChromeDriver: chrome on WINDOWS (214d3303b0b20621c1ea98ca633cbc89)] -> xpath: //button[contains(text(),'Customer Login')]]
2023-05-22 21:05:257 INFO  CustomerLoginPage :47 - Click on login button [[ChromeDriver: chrome on WINDOWS (214d3303b0b20621c1ea98ca633cbc89)] -> xpath: //button[@type='submit']]
2023-05-22 21:05:769 INFO  CustomerLoginPage :51 - Verify logout text [[ChromeDriver: chrome on WINDOWS (214d3303b0b20621c1ea98ca633cbc89)] -> xpath: //button[@class='btn logout']]
2023-05-22 21:05:923 INFO  CustomerLoginPage :55 - Click on logout button [[ChromeDriver: chrome on WINDOWS (214d3303b0b20621c1ea98ca633cbc89)] -> xpath: //button[@class='btn logout']]
2023-05-22 21:05:218 INFO  CustomerLoginPage :59 - Verify text [[ChromeDriver: chrome on WINDOWS (214d3303b0b20621c1ea98ca633cbc89)] -> xpath: //label[contains(text(),'Your Name :')]]
2023-05-22 21:05:71 INFO  HomePage :33 - Click on customer login button [[ChromeDriver: chrome on WINDOWS (0827b476e10b400ed30fb8ba303a751b)] -> xpath: //button[contains(text(),'Customer Login')]]
2023-05-22 21:05:58 INFO  CustomerLoginPage :47 - Click on login button [[ChromeDriver: chrome on WINDOWS (0827b476e10b400ed30fb8ba303a751b)] -> xpath: //button[@type='submit']]
2023-05-22 21:05:580 INFO  AccountPage :62 - click on deposit button [[ChromeDriver: chrome on WINDOWS (0827b476e10b400ed30fb8ba303a751b)] -> xpath: //button[@ng-click='deposit()']]
2023-05-22 21:05:994 INFO  AccountPage :67 - Enter amount : [[ChromeDriver: chrome on WINDOWS (0827b476e10b400ed30fb8ba303a751b)] -> xpath: //input[@placeholder='amount']]
2023-05-22 21:05:391 INFO  AccountPage :72 - Click on deposit button [[ChromeDriver: chrome on WINDOWS (0827b476e10b400ed30fb8ba303a751b)] -> xpath: //body/div[3]/div[1]/div[2]/div[1]/div[4]/div[1]/form[1]/button[1]]
2023-05-22 21:05:992 INFO  AccountPage :77 - Verify message : [[ChromeDriver: chrome on WINDOWS (0827b476e10b400ed30fb8ba303a751b)] -> xpath: //span[contains(text(),'Deposit Successful')]]
2023-05-22 21:05:643 INFO  HomePage :33 - Click on customer login button [[ChromeDriver: chrome on WINDOWS (fe636e0ebdbadb236114af28a37d1008)] -> xpath: //button[contains(text(),'Customer Login')]]
2023-05-22 21:05:675 INFO  CustomerLoginPage :47 - Click on login button [[ChromeDriver: chrome on WINDOWS (fe636e0ebdbadb236114af28a37d1008)] -> xpath: //button[@type='submit']]
2023-05-22 21:05:97 INFO  AccountPage :62 - click on deposit button [[ChromeDriver: chrome on WINDOWS (fe636e0ebdbadb236114af28a37d1008)] -> xpath: //button[@ng-click='deposit()']]
2023-05-22 21:05:497 INFO  AccountPage :67 - Enter amount : [[ChromeDriver: chrome on WINDOWS (fe636e0ebdbadb236114af28a37d1008)] -> xpath: //input[@placeholder='amount']]
2023-05-22 21:05:760 INFO  AccountPage :82 - Click on withdrawl button [[ChromeDriver: chrome on WINDOWS (fe636e0ebdbadb236114af28a37d1008)] -> xpath: //button[normalize-space()='Withdrawl']]
2023-05-22 21:05:33 INFO  AccountPage :87 - Enter amount [[ChromeDriver: chrome on WINDOWS (fe636e0ebdbadb236114af28a37d1008)] -> xpath: //input[@placeholder='amount']]
2023-05-22 21:05:130 INFO  HomePage :41 - Click on bank manager login button [[ChromeDriver: chrome on WINDOWS (7528838b209042435f0cc238dc73fc29)] -> xpath: //button[text()='Bank Manager Login']]
2023-05-22 21:05:137 INFO  AddCustomerPage :41 - Click on addCustomer button : [[ChromeDriver: chrome on WINDOWS (7528838b209042435f0cc238dc73fc29)] -> xpath: //body/div[3]/div[1]/div[2]/div[1]/div[1]/button[1]]
2023-05-22 21:05:561 INFO  AddCustomerPage :45 - Enter first name : [[ChromeDriver: chrome on WINDOWS (7528838b209042435f0cc238dc73fc29)] -> xpath: /html[1]/body[1]/div[3]/div[1]/div[2]/div[1]/div[2]/div[1]/div[1]/form[1]/div[1]/input[1]]
2023-05-22 21:05:983 INFO  AddCustomerPage :50 - Enter last name : [[ChromeDriver: chrome on WINDOWS (7528838b209042435f0cc238dc73fc29)] -> xpath: //input[@placeholder='Last Name']]
2023-05-22 21:05:373 INFO  AddCustomerPage :55 - Enter postcode : [[ChromeDriver: chrome on WINDOWS (7528838b209042435f0cc238dc73fc29)] -> xpath: //input[@placeholder='Post Code']]
2023-05-22 21:05:805 INFO  AddCustomerPage :60 - Click on add customer button : [[ChromeDriver: chrome on WINDOWS (7528838b209042435f0cc238dc73fc29)] -> xpath: //button[text()='Add Customer']]
2023-05-22 21:05:438 INFO  HomePage :33 - Click on customer login button [[ChromeDriver: chrome on WINDOWS (6091a484e59d5fe186958fa4b3afdecb)] -> xpath: //button[contains(text(),'Customer Login')]]
2023-05-22 21:05:704 INFO  CustomerLoginPage :47 - Click on login button [[ChromeDriver: chrome on WINDOWS (6091a484e59d5fe186958fa4b3afdecb)] -> xpath: //button[@type='submit']]
2023-05-22 21:05:203 INFO  AccountPage :62 - click on deposit button [[ChromeDriver: chrome on WINDOWS (6091a484e59d5fe186958fa4b3afdecb)] -> xpath: //button[@ng-click='deposit()']]
2023-05-22 21:05:622 INFO  AccountPage :67 - Enter amount : [[ChromeDriver: chrome on WINDOWS (6091a484e59d5fe186958fa4b3afdecb)] -> xpath: //input[@placeholder='amount']]
2023-05-22 21:05:988 INFO  AccountPage :82 - Click on withdrawl button [[ChromeDriver: chrome on WINDOWS (6091a484e59d5fe186958fa4b3afdecb)] -> xpath: //button[normalize-space()='Withdrawl']]
2023-05-22 21:05:131 INFO  HomePage :41 - Click on bank manager login button [[ChromeDriver: chrome on WINDOWS (a4d48a25db69c2aeea1de7727a130cf6)] -> xpath: //button[text()='Bank Manager Login']]
2023-05-22 21:05:823 INFO  AddCustomerPage :41 - Click on addCustomer button : [[ChromeDriver: chrome on WINDOWS (a4d48a25db69c2aeea1de7727a130cf6)] -> xpath: //body/div[3]/div[1]/div[2]/div[1]/div[1]/button[1]]
2023-05-22 21:05:104 INFO  AddCustomerPage :45 - Enter first name : [[ChromeDriver: chrome on WINDOWS (a4d48a25db69c2aeea1de7727a130cf6)] -> xpath: /html[1]/body[1]/div[3]/div[1]/div[2]/div[1]/div[2]/div[1]/div[1]/form[1]/div[1]/input[1]]
2023-05-22 21:05:264 INFO  AddCustomerPage :50 - Enter last name : [[ChromeDriver: chrome on WINDOWS (a4d48a25db69c2aeea1de7727a130cf6)] -> xpath: //input[@placeholder='Last Name']]
2023-05-22 21:05:385 INFO  AddCustomerPage :55 - Enter postcode : [[ChromeDriver: chrome on WINDOWS (a4d48a25db69c2aeea1de7727a130cf6)] -> xpath: //input[@placeholder='Post Code']]
2023-05-22 21:05:548 INFO  AddCustomerPage :60 - Click on add customer button : [[ChromeDriver: chrome on WINDOWS (a4d48a25db69c2aeea1de7727a130cf6)] -> xpath: //button[text()='Add Customer']]
2023-05-22 21:05:804 INFO  HomePage :33 - Click on customer login button [[ChromeDriver: chrome on WINDOWS (b6df63889ebc3e57e7fdcc5b17cd865f)] -> xpath: //button[contains(text(),'Customer Login')]]
2023-05-22 21:05:91 INFO  CustomerLoginPage :47 - Click on login button [[ChromeDriver: chrome on WINDOWS (b6df63889ebc3e57e7fdcc5b17cd865f)] -> xpath: //button[@type='submit']]
2023-05-22 21:05:374 INFO  AccountPage :62 - click on deposit button [[ChromeDriver: chrome on WINDOWS (b6df63889ebc3e57e7fdcc5b17cd865f)] -> xpath: //button[@ng-click='deposit()']]
2023-05-22 21:05:652 INFO  AccountPage :67 - Enter amount : [[ChromeDriver: chrome on WINDOWS (b6df63889ebc3e57e7fdcc5b17cd865f)] -> xpath: //input[@placeholder='amount']]
2023-05-22 21:05:765 INFO  AccountPage :82 - Click on withdrawl tab [[ChromeDriver: chrome on WINDOWS (b6df63889ebc3e57e7fdcc5b17cd865f)] -> xpath: //button[normalize-space()='Withdrawl']]
2023-05-22 21:05:833 INFO  AccountPage :87 - Enter amount [[ChromeDriver: chrome on WINDOWS (b6df63889ebc3e57e7fdcc5b17cd865f)] -> xpath: //input[@placeholder='amount']]
2023-05-22 21:05:913 INFO  AccountPage :92 - click on withdrawl Button [[ChromeDriver: chrome on WINDOWS (b6df63889ebc3e57e7fdcc5b17cd865f)] -> xpath: //button[normalize-space()='Withdraw']]
2023-05-22 21:05:21 INFO  AccountPage :98 - Transaction message [[ChromeDriver: chrome on WINDOWS (b6df63889ebc3e57e7fdcc5b17cd865f)] -> xpath: //span[@class='error ng-binding']]
2023-05-22 22:05:495 INFO  HomePage :41 - Click on bank manager login button [[ChromeDriver: chrome on WINDOWS (20b4af28ecef23c5f552faaa79cb3f61)] -> xpath: //button[text()='Bank Manager Login']]
2023-05-22 22:05:149 INFO  AddCustomerPage :41 - Click on addCustomer button : [[ChromeDriver: chrome on WINDOWS (20b4af28ecef23c5f552faaa79cb3f61)] -> xpath: //body/div[3]/div[1]/div[2]/div[1]/div[1]/button[1]]
2023-05-22 22:05:432 INFO  AddCustomerPage :45 - Enter first name : [[ChromeDriver: chrome on WINDOWS (20b4af28ecef23c5f552faaa79cb3f61)] -> xpath: /html[1]/body[1]/div[3]/div[1]/div[2]/div[1]/div[2]/div[1]/div[1]/form[1]/div[1]/input[1]]
2023-05-22 22:05:592 INFO  AddCustomerPage :50 - Enter last name : [[ChromeDriver: chrome on WINDOWS (20b4af28ecef23c5f552faaa79cb3f61)] -> xpath: //input[@placeholder='Last Name']]
2023-05-22 22:05:741 INFO  AddCustomerPage :55 - Enter postcode : [[ChromeDriver: chrome on WINDOWS (20b4af28ecef23c5f552faaa79cb3f61)] -> xpath: //input[@placeholder='Post Code']]
2023-05-22 22:05:921 INFO  AddCustomerPage :60 - Click on add customer button : [[ChromeDriver: chrome on WINDOWS (20b4af28ecef23c5f552faaa79cb3f61)] -> xpath: //button[text()='Add Customer']]
2023-05-22 22:05:162 INFO  HomePage :33 - Click on customer login button [[ChromeDriver: chrome on WINDOWS (18cf808bbeb4b466c3147a163bd260b0)] -> xpath: //button[contains(text(),'Customer Login')]]
2023-05-22 22:05:454 INFO  CustomerLoginPage :47 - Click on login button [[ChromeDriver: chrome on WINDOWS (18cf808bbeb4b466c3147a163bd260b0)] -> xpath: //button[@type='submit']]
2023-05-22 22:05:738 INFO  AccountPage :62 - click on deposit button [[ChromeDriver: chrome on WINDOWS (18cf808bbeb4b466c3147a163bd260b0)] -> xpath: //button[@ng-click='deposit()']]
2023-05-22 22:05:36 INFO  AccountPage :67 - Enter amount : [[ChromeDriver: chrome on WINDOWS (18cf808bbeb4b466c3147a163bd260b0)] -> xpath: //input[@placeholder='amount']]
2023-05-22 22:05:176 INFO  AccountPage :82 - Click on withdrawl tab [[ChromeDriver: chrome on WINDOWS (18cf808bbeb4b466c3147a163bd260b0)] -> xpath: //button[normalize-space()='Withdrawl']]
2023-05-22 22:05:265 INFO  AccountPage :87 - Enter amount [[ChromeDriver: chrome on WINDOWS (18cf808bbeb4b466c3147a163bd260b0)] -> xpath: //input[@placeholder='amount']]
2023-05-22 22:05:346 INFO  AccountPage :92 - click on withdrawl Button [[ChromeDriver: chrome on WINDOWS (18cf808bbeb4b466c3147a163bd260b0)] -> xpath: //button[normalize-space()='Withdraw']]
2023-05-22 22:05:451 INFO  AccountPage :98 - Transaction message [[ChromeDriver: chrome on WINDOWS (18cf808bbeb4b466c3147a163bd260b0)] -> xpath: //span[@class='error ng-binding']]
